<?xml version="1.0" encoding="UTF-8"?>
<testng-results skipped="0" failed="1" ignored="0" total="30" passed="29">
  <reporter-output>
  </reporter-output>
  <suite name="Suite" duration-ms="563140" started-at="2022-11-29T03:44:34Z" finished-at="2022-11-29T03:53:57Z">
    <groups>
      <group name="Grouping">
        <method signature="ClientPageTest.addingClient()[pri:0, instance:com.obsqura.testscripts.ClientPageTest@7e07db1f]" name="addingClient" class="com.obsqura.testscripts.ClientPageTest"/>
        <method signature="ClientPageTest.testClientSerach()[pri:0, instance:com.obsqura.testscripts.ClientPageTest@7e07db1f]" name="testClientSerach" class="com.obsqura.testscripts.ClientPageTest"/>
      </group> <!-- Grouping -->
    </groups>
    <test name="Test1" duration-ms="563140" started-at="2022-11-29T03:44:34Z" finished-at="2022-11-29T03:53:57Z">
      <class name="com.obsqura.testscripts.HomePageTest">
        <test-method status="PASS" signature="openBrowser(java.lang.String)[pri:0, instance:com.obsqura.testscripts.HomePageTest@3a93b025]" name="openBrowser" is-config="true" duration-ms="9992" started-at="2022-11-29T03:44:34Z" finished-at="2022-11-29T03:44:44Z">
          <params>
            <param index="0">
              <value>
                <![CDATA[chrome]]>
              </value>
            </param>
          </params>
          <reporter-output>
          </reporter-output>
        </test-method> <!-- openBrowser -->
        <test-method status="PASS" signature="closeBrowser()[pri:0, instance:com.obsqura.testscripts.HomePageTest@3a93b025]" name="closeBrowser" duration-ms="813" started-at="2022-11-29T03:44:44Z" finished-at="2022-11-29T03:44:45Z">
          <reporter-output>
          </reporter-output>
        </test-method> <!-- closeBrowser -->
        <test-method status="PASS" signature="openBrowser(java.lang.String)[pri:0, instance:com.obsqura.testscripts.HomePageTest@3a93b025]" name="openBrowser" is-config="true" duration-ms="6567" started-at="2022-11-29T03:44:45Z" finished-at="2022-11-29T03:44:52Z">
          <params>
            <param index="0">
              <value>
                <![CDATA[chrome]]>
              </value>
            </param>
          </params>
          <reporter-output>
          </reporter-output>
        </test-method> <!-- openBrowser -->
        <test-method status="PASS" signature="testCheckBox()[pri:0, instance:com.obsqura.testscripts.HomePageTest@3a93b025]" name="testCheckBox" duration-ms="4569" started-at="2022-11-29T03:44:52Z" finished-at="2022-11-29T03:44:56Z">
          <reporter-output>
          </reporter-output>
        </test-method> <!-- testCheckBox -->
        <test-method status="PASS" signature="openBrowser(java.lang.String)[pri:0, instance:com.obsqura.testscripts.HomePageTest@3a93b025]" name="openBrowser" is-config="true" duration-ms="7538" started-at="2022-11-29T03:44:56Z" finished-at="2022-11-29T03:45:04Z">
          <params>
            <param index="0">
              <value>
                <![CDATA[chrome]]>
              </value>
            </param>
          </params>
          <reporter-output>
          </reporter-output>
        </test-method> <!-- openBrowser -->
        <test-method status="PASS" signature="testCheckTitle()[pri:0, instance:com.obsqura.testscripts.HomePageTest@3a93b025]" name="testCheckTitle" duration-ms="52" started-at="2022-11-29T03:45:04Z" finished-at="2022-11-29T03:45:04Z">
          <reporter-output>
          </reporter-output>
        </test-method> <!-- testCheckTitle -->
        <test-method status="PASS" signature="openBrowser(java.lang.String)[pri:0, instance:com.obsqura.testscripts.HomePageTest@3a93b025]" name="openBrowser" is-config="true" duration-ms="7898" started-at="2022-11-29T03:45:04Z" finished-at="2022-11-29T03:45:12Z">
          <params>
            <param index="0">
              <value>
                <![CDATA[chrome]]>
              </value>
            </param>
          </params>
          <reporter-output>
          </reporter-output>
        </test-method> <!-- openBrowser -->
        <test-method status="PASS" signature="testInvalidCredentials()[pri:0, instance:com.obsqura.testscripts.HomePageTest@3a93b025]" name="testInvalidCredentials" duration-ms="11008" started-at="2022-11-29T03:45:12Z" finished-at="2022-11-29T03:45:23Z">
          <reporter-output>
          </reporter-output>
        </test-method> <!-- testInvalidCredentials -->
        <test-method status="PASS" signature="openBrowser(java.lang.String)[pri:0, instance:com.obsqura.testscripts.HomePageTest@3a93b025]" name="openBrowser" is-config="true" duration-ms="23230" started-at="2022-11-29T03:45:23Z" finished-at="2022-11-29T03:45:46Z">
          <params>
            <param index="0">
              <value>
                <![CDATA[chrome]]>
              </value>
            </param>
          </params>
          <reporter-output>
          </reporter-output>
        </test-method> <!-- openBrowser -->
        <test-method status="PASS" signature="testLogin()[pri:0, instance:com.obsqura.testscripts.HomePageTest@3a93b025]" name="testLogin" duration-ms="2840" started-at="2022-11-29T03:45:46Z" finished-at="2022-11-29T03:45:49Z">
          <reporter-output>
          </reporter-output>
        </test-method> <!-- testLogin -->
        <test-method status="PASS" signature="openBrowser(java.lang.String)[pri:0, instance:com.obsqura.testscripts.HomePageTest@3a93b025]" name="openBrowser" is-config="true" duration-ms="10706" started-at="2022-11-29T03:45:49Z" finished-at="2022-11-29T03:46:00Z">
          <params>
            <param index="0">
              <value>
                <![CDATA[chrome]]>
              </value>
            </param>
          </params>
          <reporter-output>
          </reporter-output>
        </test-method> <!-- openBrowser -->
        <test-method status="PASS" signature="testLogout()[pri:0, instance:com.obsqura.testscripts.HomePageTest@3a93b025]" name="testLogout" duration-ms="4670" started-at="2022-11-29T03:46:00Z" finished-at="2022-11-29T03:46:04Z">
          <reporter-output>
          </reporter-output>
        </test-method> <!-- testLogout -->
        <test-method status="PASS" signature="openBrowser(java.lang.String)[pri:0, instance:com.obsqura.testscripts.HomePageTest@3a93b025]" name="openBrowser" is-config="true" duration-ms="6499" started-at="2022-11-29T03:46:04Z" finished-at="2022-11-29T03:46:11Z">
          <params>
            <param index="0">
              <value>
                <![CDATA[chrome]]>
              </value>
            </param>
          </params>
          <reporter-output>
          </reporter-output>
        </test-method> <!-- openBrowser -->
        <test-method status="PASS" signature="testResetPassword()[pri:0, instance:com.obsqura.testscripts.HomePageTest@3a93b025]" name="testResetPassword" duration-ms="3616" started-at="2022-11-29T03:46:11Z" finished-at="2022-11-29T03:46:14Z">
          <reporter-output>
          </reporter-output>
        </test-method> <!-- testResetPassword -->
        <test-method status="PASS" signature="openBrowser(java.lang.String)[pri:0, instance:com.obsqura.testscripts.HomePageTest@3a93b025]" name="openBrowser" is-config="true" duration-ms="6747" started-at="2022-11-29T03:46:14Z" finished-at="2022-11-29T03:46:21Z">
          <params>
            <param index="0">
              <value>
                <![CDATA[chrome]]>
              </value>
            </param>
          </params>
          <reporter-output>
          </reporter-output>
        </test-method> <!-- openBrowser -->
        <test-method status="PASS" signature="testingInvalidLoginBlank()[pri:0, instance:com.obsqura.testscripts.HomePageTest@3a93b025]" name="testingInvalidLoginBlank" duration-ms="16332" started-at="2022-11-29T03:46:21Z" finished-at="2022-11-29T03:46:38Z">
          <reporter-output>
          </reporter-output>
        </test-method> <!-- testingInvalidLoginBlank -->
        <test-method status="PASS" signature="closeBrowser()[pri:0, instance:com.obsqura.testscripts.HomePageTest@3a93b025]" name="closeBrowser" is-config="true" duration-ms="865" started-at="2022-11-29T03:53:56Z" finished-at="2022-11-29T03:53:57Z">
          <reporter-output>
          </reporter-output>
        </test-method> <!-- closeBrowser -->
      </class> <!-- com.obsqura.testscripts.HomePageTest -->
      <class name="com.obsqura.testscripts.TimeSheetTest">
        <test-method status="PASS" signature="openBrowser(java.lang.String)[pri:0, instance:com.obsqura.testscripts.TimeSheetTest@36bc55de]" name="openBrowser" is-config="true" duration-ms="5826" started-at="2022-11-29T03:52:52Z" finished-at="2022-11-29T03:52:58Z">
          <params>
            <param index="0">
              <value>
                <![CDATA[chrome]]>
              </value>
            </param>
          </params>
          <reporter-output>
          </reporter-output>
        </test-method> <!-- openBrowser -->
        <test-method status="PASS" signature="setGenerateInvoice()[pri:0, instance:com.obsqura.testscripts.TimeSheetTest@36bc55de]" name="setGenerateInvoice" duration-ms="15385" started-at="2022-11-29T03:52:58Z" finished-at="2022-11-29T03:53:13Z">
          <reporter-output>
          </reporter-output>
        </test-method> <!-- setGenerateInvoice -->
        <test-method status="PASS" signature="closeBrowser()[pri:0, instance:com.obsqura.testscripts.TimeSheetTest@36bc55de]" name="closeBrowser" is-config="true" duration-ms="338" started-at="2022-11-29T03:53:13Z" finished-at="2022-11-29T03:53:13Z">
          <reporter-output>
          </reporter-output>
        </test-method> <!-- closeBrowser -->
        <test-method status="PASS" signature="openBrowser(java.lang.String)[pri:0, instance:com.obsqura.testscripts.TimeSheetTest@36bc55de]" name="openBrowser" is-config="true" duration-ms="5942" started-at="2022-11-29T03:53:13Z" finished-at="2022-11-29T03:53:19Z">
          <params>
            <param index="0">
              <value>
                <![CDATA[chrome]]>
              </value>
            </param>
          </params>
          <reporter-output>
          </reporter-output>
        </test-method> <!-- openBrowser -->
        <test-method status="PASS" signature="setGeneratePaySlip()[pri:0, instance:com.obsqura.testscripts.TimeSheetTest@36bc55de]" name="setGeneratePaySlip" duration-ms="20621" started-at="2022-11-29T03:53:19Z" finished-at="2022-11-29T03:53:40Z">
          <reporter-output>
          </reporter-output>
        </test-method> <!-- setGeneratePaySlip -->
        <test-method status="PASS" signature="closeBrowser()[pri:0, instance:com.obsqura.testscripts.TimeSheetTest@36bc55de]" name="closeBrowser" is-config="true" duration-ms="284" started-at="2022-11-29T03:53:40Z" finished-at="2022-11-29T03:53:40Z">
          <reporter-output>
          </reporter-output>
        </test-method> <!-- closeBrowser -->
        <test-method status="PASS" signature="openBrowser(java.lang.String)[pri:0, instance:com.obsqura.testscripts.TimeSheetTest@36bc55de]" name="openBrowser" is-config="true" duration-ms="7759" started-at="2022-11-29T03:53:40Z" finished-at="2022-11-29T03:53:48Z">
          <params>
            <param index="0">
              <value>
                <![CDATA[chrome]]>
              </value>
            </param>
          </params>
          <reporter-output>
          </reporter-output>
        </test-method> <!-- openBrowser -->
        <test-method status="PASS" signature="setTimSheetPage()[pri:0, instance:com.obsqura.testscripts.TimeSheetTest@36bc55de]" name="setTimSheetPage" duration-ms="8024" started-at="2022-11-29T03:53:48Z" finished-at="2022-11-29T03:53:56Z">
          <reporter-output>
          </reporter-output>
        </test-method> <!-- setTimSheetPage -->
        <test-method status="PASS" signature="closeBrowser()[pri:0, instance:com.obsqura.testscripts.TimeSheetTest@36bc55de]" name="closeBrowser" is-config="true" duration-ms="209" started-at="2022-11-29T03:53:56Z" finished-at="2022-11-29T03:53:56Z">
          <reporter-output>
          </reporter-output>
        </test-method> <!-- closeBrowser -->
      </class> <!-- com.obsqura.testscripts.TimeSheetTest -->
      <class name="com.obsqura.testscripts.WorkerPageTest">
        <test-method status="PASS" signature="openBrowser(java.lang.String)[pri:0, instance:com.obsqura.testscripts.WorkerPageTest@35cabb2a]" name="openBrowser" is-config="true" duration-ms="8016" started-at="2022-11-29T03:46:38Z" finished-at="2022-11-29T03:46:46Z">
          <params>
            <param index="0">
              <value>
                <![CDATA[chrome]]>
              </value>
            </param>
          </params>
          <reporter-output>
          </reporter-output>
        </test-method> <!-- openBrowser -->
        <test-method status="PASS" signature="checkDisplayName()[pri:0, instance:com.obsqura.testscripts.WorkerPageTest@35cabb2a]" name="checkDisplayName" duration-ms="7990" started-at="2022-11-29T03:46:46Z" finished-at="2022-11-29T03:46:54Z">
          <reporter-output>
          </reporter-output>
        </test-method> <!-- checkDisplayName -->
        <test-method status="PASS" signature="closeBrowser()[pri:0, instance:com.obsqura.testscripts.WorkerPageTest@35cabb2a]" name="closeBrowser" is-config="true" duration-ms="554" started-at="2022-11-29T03:46:54Z" finished-at="2022-11-29T03:46:54Z">
          <reporter-output>
          </reporter-output>
        </test-method> <!-- closeBrowser -->
        <test-method status="PASS" signature="openBrowser(java.lang.String)[pri:0, instance:com.obsqura.testscripts.WorkerPageTest@35cabb2a]" name="openBrowser" is-config="true" duration-ms="9845" started-at="2022-11-29T03:46:54Z" finished-at="2022-11-29T03:47:04Z">
          <params>
            <param index="0">
              <value>
                <![CDATA[chrome]]>
              </value>
            </param>
          </params>
          <reporter-output>
          </reporter-output>
        </test-method> <!-- openBrowser -->
        <test-method status="PASS" signature="testAddWorkerSave()[pri:0, instance:com.obsqura.testscripts.WorkerPageTest@35cabb2a]" name="testAddWorkerSave" duration-ms="19144" started-at="2022-11-29T03:47:04Z" finished-at="2022-11-29T03:47:23Z">
          <reporter-output>
          </reporter-output>
        </test-method> <!-- testAddWorkerSave -->
        <test-method status="PASS" signature="closeBrowser()[pri:0, instance:com.obsqura.testscripts.WorkerPageTest@35cabb2a]" name="closeBrowser" is-config="true" duration-ms="2243" started-at="2022-11-29T03:47:23Z" finished-at="2022-11-29T03:47:26Z">
          <reporter-output>
          </reporter-output>
        </test-method> <!-- closeBrowser -->
        <test-method status="PASS" signature="openBrowser(java.lang.String)[pri:0, instance:com.obsqura.testscripts.WorkerPageTest@35cabb2a]" name="openBrowser" is-config="true" duration-ms="6637" started-at="2022-11-29T03:47:26Z" finished-at="2022-11-29T03:47:32Z">
          <params>
            <param index="0">
              <value>
                <![CDATA[chrome]]>
              </value>
            </param>
          </params>
          <reporter-output>
          </reporter-output>
        </test-method> <!-- openBrowser -->
        <test-method status="PASS" signature="testCreateWorkerTab()[pri:0, instance:com.obsqura.testscripts.WorkerPageTest@35cabb2a]" name="testCreateWorkerTab" duration-ms="4164" started-at="2022-11-29T03:47:32Z" finished-at="2022-11-29T03:47:37Z">
          <reporter-output>
          </reporter-output>
        </test-method> <!-- testCreateWorkerTab -->
        <test-method status="PASS" signature="closeBrowser()[pri:0, instance:com.obsqura.testscripts.WorkerPageTest@35cabb2a]" name="closeBrowser" is-config="true" duration-ms="496" started-at="2022-11-29T03:47:37Z" finished-at="2022-11-29T03:47:37Z">
          <reporter-output>
          </reporter-output>
        </test-method> <!-- closeBrowser -->
        <test-method status="PASS" signature="openBrowser(java.lang.String)[pri:0, instance:com.obsqura.testscripts.WorkerPageTest@35cabb2a]" name="openBrowser" is-config="true" duration-ms="5924" started-at="2022-11-29T03:47:37Z" finished-at="2022-11-29T03:47:43Z">
          <params>
            <param index="0">
              <value>
                <![CDATA[chrome]]>
              </value>
            </param>
          </params>
          <reporter-output>
          </reporter-output>
        </test-method> <!-- openBrowser -->
        <test-method status="FAIL" signature="testInvalidWorkerName()[pri:0, instance:com.obsqura.testscripts.WorkerPageTest@35cabb2a]" name="testInvalidWorkerName" duration-ms="18344" started-at="2022-11-29T03:47:43Z" finished-at="2022-11-29T03:48:01Z">
          <exception class="org.openqa.selenium.NoSuchElementException">
            <message>
              <![CDATA[no such element: Unable to locate element: {"method":"xpath","selector":"//*[@id="w1"]/table/tbody/tr/td/div"}
  (Session info: chrome=107.0.5304.122)
For documentation on this error, please visit: https://selenium.dev/exceptions/#no_such_element
Build info: version: '4.4.0', revision: 'e5c75ed026a'
System info: host: 'LEPS', ip: '192.168.1.3', os.name: 'Windows 11', os.arch: 'amd64', os.version: '10.0', java.version: '1.8.0_333'
Driver info: org.openqa.selenium.chrome.ChromeDriver
Command: [d956277b0491678c90c7fcf9b1f195ad, findElement {using=xpath, value=//*[@id="w1"]/table/tbody/tr/td/div}]
Capabilities {acceptInsecureCerts: false, browserName: chrome, browserVersion: 107.0.5304.122, chrome: {chromedriverVersion: 107.0.5304.62 (1eec40d3a576..., userDataDir: C:\Users\ACER\AppData\Local...}, goog:chromeOptions: {debuggerAddress: localhost:56946}, networkConnectionEnabled: false, pageLoadStrategy: normal, platformName: WINDOWS, proxy: Proxy(), se:cdp: ws://localhost:56946/devtoo..., se:cdpVersion: 107.0.5304.122, setWindowRect: true, strictFileInteractability: false, timeouts: {implicit: 0, pageLoad: 300000, script: 30000}, unhandledPromptBehavior: dismiss and notify, webauthn:extension:credBlob: true, webauthn:extension:largeBlob: true, webauthn:virtualAuthenticators: true}
Session ID: d956277b0491678c90c7fcf9b1f195ad]]>
            </message>
            <full-stacktrace>
              <![CDATA[org.openqa.selenium.NoSuchElementException: no such element: Unable to locate element: {"method":"xpath","selector":"//*[@id="w1"]/table/tbody/tr/td/div"}
  (Session info: chrome=107.0.5304.122)
For documentation on this error, please visit: https://selenium.dev/exceptions/#no_such_element
Build info: version: '4.4.0', revision: 'e5c75ed026a'
System info: host: 'LEPS', ip: '192.168.1.3', os.name: 'Windows 11', os.arch: 'amd64', os.version: '10.0', java.version: '1.8.0_333'
Driver info: org.openqa.selenium.chrome.ChromeDriver
Command: [d956277b0491678c90c7fcf9b1f195ad, findElement {using=xpath, value=//*[@id="w1"]/table/tbody/tr/td/div}]
Capabilities {acceptInsecureCerts: false, browserName: chrome, browserVersion: 107.0.5304.122, chrome: {chromedriverVersion: 107.0.5304.62 (1eec40d3a576..., userDataDir: C:\Users\ACER\AppData\Local...}, goog:chromeOptions: {debuggerAddress: localhost:56946}, networkConnectionEnabled: false, pageLoadStrategy: normal, platformName: WINDOWS, proxy: Proxy(), se:cdp: ws://localhost:56946/devtoo..., se:cdpVersion: 107.0.5304.122, setWindowRect: true, strictFileInteractability: false, timeouts: {implicit: 0, pageLoad: 300000, script: 30000}, unhandledPromptBehavior: dismiss and notify, webauthn:extension:credBlob: true, webauthn:extension:largeBlob: true, webauthn:virtualAuthenticators: true}
Session ID: d956277b0491678c90c7fcf9b1f195ad
at sun.reflect.NativeConstructorAccessorImpl.newInstance0(Native Method)
at sun.reflect.NativeConstructorAccessorImpl.newInstance(NativeConstructorAccessorImpl.java:62)
at sun.reflect.DelegatingConstructorAccessorImpl.newInstance(DelegatingConstructorAccessorImpl.java:45)
at java.lang.reflect.Constructor.newInstance(Constructor.java:423)
at org.openqa.selenium.remote.codec.w3c.W3CHttpResponseCodec.createException(W3CHttpResponseCodec.java:200)
at org.openqa.selenium.remote.codec.w3c.W3CHttpResponseCodec.decode(W3CHttpResponseCodec.java:133)
at org.openqa.selenium.remote.codec.w3c.W3CHttpResponseCodec.decode(W3CHttpResponseCodec.java:53)
at org.openqa.selenium.remote.HttpCommandExecutor.execute(HttpCommandExecutor.java:184)
at org.openqa.selenium.remote.service.DriverCommandExecutor.invokeExecute(DriverCommandExecutor.java:167)
at org.openqa.selenium.remote.service.DriverCommandExecutor.execute(DriverCommandExecutor.java:142)
at org.openqa.selenium.remote.RemoteWebDriver.execute(RemoteWebDriver.java:547)
at org.openqa.selenium.remote.ElementLocation$ElementFinder$2.findElement(ElementLocation.java:162)
at org.openqa.selenium.remote.ElementLocation.findElement(ElementLocation.java:60)
at org.openqa.selenium.remote.RemoteWebDriver.findElement(RemoteWebDriver.java:365)
at org.openqa.selenium.remote.RemoteWebDriver.findElement(RemoteWebDriver.java:357)
at org.openqa.selenium.support.pagefactory.DefaultElementLocator.findElement(DefaultElementLocator.java:70)
at org.openqa.selenium.support.pagefactory.internal.LocatingElementHandler.invoke(LocatingElementHandler.java:39)
at com.sun.proxy.$Proxy12.getText(Unknown Source)
at com.obsqura.pages.WorkerSearchPage.getErrorMessage(WorkerSearchPage.java:57)
at com.obsqura.testscripts.WorkerPageTest.testInvalidWorkerName(WorkerPageTest.java:220)
at sun.reflect.NativeMethodAccessorImpl.invoke0(Native Method)
at sun.reflect.NativeMethodAccessorImpl.invoke(NativeMethodAccessorImpl.java:62)
at sun.reflect.DelegatingMethodAccessorImpl.invoke(DelegatingMethodAccessorImpl.java:43)
at java.lang.reflect.Method.invoke(Method.java:498)
at org.testng.internal.MethodInvocationHelper.invokeMethod(MethodInvocationHelper.java:124)
at org.testng.internal.Invoker.invokeMethod(Invoker.java:583)
at org.testng.internal.Invoker.invokeTestMethod(Invoker.java:719)
at org.testng.internal.Invoker.invokeTestMethods(Invoker.java:989)
at org.testng.internal.TestMethodWorker.invokeTestMethods(TestMethodWorker.java:125)
at org.testng.internal.TestMethodWorker.run(TestMethodWorker.java:109)
at org.testng.TestRunner.privateRun(TestRunner.java:648)
at org.testng.TestRunner.run(TestRunner.java:505)
at org.testng.SuiteRunner.runTest(SuiteRunner.java:455)
at org.testng.SuiteRunner.runSequentially(SuiteRunner.java:450)
at org.testng.SuiteRunner.privateRun(SuiteRunner.java:415)
at org.testng.SuiteRunner.run(SuiteRunner.java:364)
at org.testng.SuiteRunnerWorker.runSuite(SuiteRunnerWorker.java:52)
at org.testng.SuiteRunnerWorker.run(SuiteRunnerWorker.java:84)
at org.testng.TestNG.runSuitesSequentially(TestNG.java:1208)
at org.testng.TestNG.runSuitesLocally(TestNG.java:1137)
at org.testng.TestNG.runSuites(TestNG.java:1049)
at org.testng.TestNG.run(TestNG.java:1017)
at org.testng.remote.AbstractRemoteTestNG.run(AbstractRemoteTestNG.java:115)
at org.testng.remote.RemoteTestNG.initAndRun(RemoteTestNG.java:251)
at org.testng.remote.RemoteTestNG.main(RemoteTestNG.java:77)
]]>
            </full-stacktrace>
          </exception> <!-- org.openqa.selenium.NoSuchElementException -->
          <reporter-output>
          </reporter-output>
        </test-method> <!-- testInvalidWorkerName -->
        <test-method status="PASS" signature="closeBrowser()[pri:0, instance:com.obsqura.testscripts.WorkerPageTest@35cabb2a]" name="closeBrowser" is-config="true" duration-ms="624" started-at="2022-11-29T03:48:01Z" finished-at="2022-11-29T03:48:02Z">
          <reporter-output>
          </reporter-output>
        </test-method> <!-- closeBrowser -->
        <test-method status="PASS" signature="openBrowser(java.lang.String)[pri:0, instance:com.obsqura.testscripts.WorkerPageTest@35cabb2a]" name="openBrowser" is-config="true" duration-ms="6347" started-at="2022-11-29T03:48:02Z" finished-at="2022-11-29T03:48:08Z">
          <params>
            <param index="0">
              <value>
                <![CDATA[chrome]]>
              </value>
            </param>
          </params>
          <reporter-output>
          </reporter-output>
        </test-method> <!-- openBrowser -->
        <test-method status="PASS" signature="testNiNumberSearch()[pri:0, instance:com.obsqura.testscripts.WorkerPageTest@35cabb2a]" name="testNiNumberSearch" duration-ms="19943" started-at="2022-11-29T03:48:08Z" finished-at="2022-11-29T03:48:28Z">
          <reporter-output>
          </reporter-output>
        </test-method> <!-- testNiNumberSearch -->
        <test-method status="PASS" signature="closeBrowser()[pri:0, instance:com.obsqura.testscripts.WorkerPageTest@35cabb2a]" name="closeBrowser" is-config="true" duration-ms="1123" started-at="2022-11-29T03:48:28Z" finished-at="2022-11-29T03:48:29Z">
          <reporter-output>
          </reporter-output>
        </test-method> <!-- closeBrowser -->
        <test-method status="PASS" signature="openBrowser(java.lang.String)[pri:0, instance:com.obsqura.testscripts.WorkerPageTest@35cabb2a]" name="openBrowser" is-config="true" duration-ms="5980" started-at="2022-11-29T03:48:29Z" finished-at="2022-11-29T03:48:35Z">
          <params>
            <param index="0">
              <value>
                <![CDATA[chrome]]>
              </value>
            </param>
          </params>
          <reporter-output>
          </reporter-output>
        </test-method> <!-- openBrowser -->
        <test-method status="PASS" signature="testPostCodeSerach()[pri:0, instance:com.obsqura.testscripts.WorkerPageTest@35cabb2a]" name="testPostCodeSerach" duration-ms="19245" started-at="2022-11-29T03:48:35Z" finished-at="2022-11-29T03:48:55Z">
          <reporter-output>
          </reporter-output>
        </test-method> <!-- testPostCodeSerach -->
        <test-method status="PASS" signature="closeBrowser()[pri:0, instance:com.obsqura.testscripts.WorkerPageTest@35cabb2a]" name="closeBrowser" is-config="true" duration-ms="318" started-at="2022-11-29T03:48:55Z" finished-at="2022-11-29T03:48:55Z">
          <reporter-output>
          </reporter-output>
        </test-method> <!-- closeBrowser -->
        <test-method status="PASS" signature="openBrowser(java.lang.String)[pri:0, instance:com.obsqura.testscripts.WorkerPageTest@35cabb2a]" name="openBrowser" is-config="true" duration-ms="5979" started-at="2022-11-29T03:48:55Z" finished-at="2022-11-29T03:49:01Z">
          <params>
            <param index="0">
              <value>
                <![CDATA[chrome]]>
              </value>
            </param>
          </params>
          <reporter-output>
          </reporter-output>
        </test-method> <!-- openBrowser -->
        <test-method status="PASS" signature="testWorkerLastNameSerach()[pri:0, instance:com.obsqura.testscripts.WorkerPageTest@35cabb2a]" name="testWorkerLastNameSerach" duration-ms="19101" started-at="2022-11-29T03:49:01Z" finished-at="2022-11-29T03:49:20Z">
          <reporter-output>
          </reporter-output>
        </test-method> <!-- testWorkerLastNameSerach -->
        <test-method status="PASS" signature="closeBrowser()[pri:0, instance:com.obsqura.testscripts.WorkerPageTest@35cabb2a]" name="closeBrowser" is-config="true" duration-ms="261" started-at="2022-11-29T03:49:20Z" finished-at="2022-11-29T03:49:20Z">
          <reporter-output>
          </reporter-output>
        </test-method> <!-- closeBrowser -->
        <test-method status="PASS" signature="openBrowser(java.lang.String)[pri:0, instance:com.obsqura.testscripts.WorkerPageTest@35cabb2a]" name="openBrowser" is-config="true" duration-ms="7111" started-at="2022-11-29T03:49:20Z" finished-at="2022-11-29T03:49:27Z">
          <params>
            <param index="0">
              <value>
                <![CDATA[chrome]]>
              </value>
            </param>
          </params>
          <reporter-output>
          </reporter-output>
        </test-method> <!-- openBrowser -->
        <test-method status="PASS" signature="testWorkerSerach()[pri:0, instance:com.obsqura.testscripts.WorkerPageTest@35cabb2a]" name="testWorkerSerach" duration-ms="13281" started-at="2022-11-29T03:49:27Z" finished-at="2022-11-29T03:49:41Z">
          <reporter-output>
          </reporter-output>
        </test-method> <!-- testWorkerSerach -->
        <test-method status="PASS" signature="closeBrowser()[pri:0, instance:com.obsqura.testscripts.WorkerPageTest@35cabb2a]" name="closeBrowser" is-config="true" duration-ms="180" started-at="2022-11-29T03:49:41Z" finished-at="2022-11-29T03:49:41Z">
          <reporter-output>
          </reporter-output>
        </test-method> <!-- closeBrowser -->
      </class> <!-- com.obsqura.testscripts.WorkerPageTest -->
      <class name="com.obsqura.testscripts.DeductionPageTest">
        <test-method status="PASS" signature="openBrowser(java.lang.String)[pri:0, instance:com.obsqura.testscripts.DeductionPageTest@1189dd52]" name="openBrowser" is-config="true" duration-ms="5838" started-at="2022-11-29T03:52:24Z" finished-at="2022-11-29T03:52:30Z">
          <params>
            <param index="0">
              <value>
                <![CDATA[chrome]]>
              </value>
            </param>
          </params>
          <reporter-output>
          </reporter-output>
        </test-method> <!-- openBrowser -->
        <test-method status="PASS" signature="addDeductionTest()[pri:0, instance:com.obsqura.testscripts.DeductionPageTest@1189dd52]" name="addDeductionTest" duration-ms="12226" started-at="2022-11-29T03:52:30Z" finished-at="2022-11-29T03:52:42Z">
          <reporter-output>
          </reporter-output>
        </test-method> <!-- addDeductionTest -->
        <test-method status="PASS" signature="closeBrowser()[pri:0, instance:com.obsqura.testscripts.DeductionPageTest@1189dd52]" name="closeBrowser" is-config="true" duration-ms="346" started-at="2022-11-29T03:52:42Z" finished-at="2022-11-29T03:52:43Z">
          <reporter-output>
          </reporter-output>
        </test-method> <!-- closeBrowser -->
        <test-method status="PASS" signature="openBrowser(java.lang.String)[pri:0, instance:com.obsqura.testscripts.DeductionPageTest@1189dd52]" name="openBrowser" is-config="true" duration-ms="7056" started-at="2022-11-29T03:52:43Z" finished-at="2022-11-29T03:52:50Z">
          <params>
            <param index="0">
              <value>
                <![CDATA[chrome]]>
              </value>
            </param>
          </params>
          <reporter-output>
          </reporter-output>
        </test-method> <!-- openBrowser -->
        <test-method status="PASS" signature="checkDisplayName()[pri:0, instance:com.obsqura.testscripts.DeductionPageTest@1189dd52]" name="checkDisplayName" duration-ms="1997" started-at="2022-11-29T03:52:50Z" finished-at="2022-11-29T03:52:52Z">
          <reporter-output>
          </reporter-output>
        </test-method> <!-- checkDisplayName -->
        <test-method status="PASS" signature="closeBrowser()[pri:0, instance:com.obsqura.testscripts.DeductionPageTest@1189dd52]" name="closeBrowser" is-config="true" duration-ms="269" started-at="2022-11-29T03:52:52Z" finished-at="2022-11-29T03:52:52Z">
          <reporter-output>
          </reporter-output>
        </test-method> <!-- closeBrowser -->
      </class> <!-- com.obsqura.testscripts.DeductionPageTest -->
      <class name="com.obsqura.testscripts.ClientPageTest">
        <test-method status="PASS" signature="openBrowser(java.lang.String)[pri:0, instance:com.obsqura.testscripts.ClientPageTest@7e07db1f]" name="openBrowser" is-config="true" duration-ms="6306" started-at="2022-11-29T03:49:41Z" finished-at="2022-11-29T03:49:47Z">
          <params>
            <param index="0">
              <value>
                <![CDATA[chrome]]>
              </value>
            </param>
          </params>
          <reporter-output>
          </reporter-output>
        </test-method> <!-- openBrowser -->
        <test-method status="PASS" signature="addingClient()[pri:0, instance:com.obsqura.testscripts.ClientPageTest@7e07db1f]" name="addingClient" duration-ms="11409" started-at="2022-11-29T03:49:47Z" finished-at="2022-11-29T03:49:59Z">
          <reporter-output>
          </reporter-output>
        </test-method> <!-- addingClient -->
        <test-method status="PASS" signature="closeBrowser()[pri:0, instance:com.obsqura.testscripts.ClientPageTest@7e07db1f]" name="closeBrowser" is-config="true" duration-ms="272" started-at="2022-11-29T03:49:59Z" finished-at="2022-11-29T03:49:59Z">
          <reporter-output>
          </reporter-output>
        </test-method> <!-- closeBrowser -->
        <test-method status="PASS" signature="openBrowser(java.lang.String)[pri:0, instance:com.obsqura.testscripts.ClientPageTest@7e07db1f]" name="openBrowser" is-config="true" duration-ms="5790" started-at="2022-11-29T03:49:59Z" finished-at="2022-11-29T03:50:05Z">
          <params>
            <param index="0">
              <value>
                <![CDATA[chrome]]>
              </value>
            </param>
          </params>
          <reporter-output>
          </reporter-output>
        </test-method> <!-- openBrowser -->
        <test-method status="PASS" signature="checkDisplayName()[pri:0, instance:com.obsqura.testscripts.ClientPageTest@7e07db1f]" name="checkDisplayName" duration-ms="2979" started-at="2022-11-29T03:50:05Z" finished-at="2022-11-29T03:50:08Z">
          <reporter-output>
          </reporter-output>
        </test-method> <!-- checkDisplayName -->
        <test-method status="PASS" signature="closeBrowser()[pri:0, instance:com.obsqura.testscripts.ClientPageTest@7e07db1f]" name="closeBrowser" is-config="true" duration-ms="152" started-at="2022-11-29T03:50:08Z" finished-at="2022-11-29T03:50:08Z">
          <reporter-output>
          </reporter-output>
        </test-method> <!-- closeBrowser -->
        <test-method status="PASS" signature="openBrowser(java.lang.String)[pri:0, instance:com.obsqura.testscripts.ClientPageTest@7e07db1f]" name="openBrowser" is-config="true" duration-ms="5740" started-at="2022-11-29T03:50:08Z" finished-at="2022-11-29T03:50:14Z">
          <params>
            <param index="0">
              <value>
                <![CDATA[chrome]]>
              </value>
            </param>
          </params>
          <reporter-output>
          </reporter-output>
        </test-method> <!-- openBrowser -->
        <test-method status="PASS" signature="testClientReset()[pri:0, instance:com.obsqura.testscripts.ClientPageTest@7e07db1f]" name="testClientReset" duration-ms="13789" started-at="2022-11-29T03:50:14Z" finished-at="2022-11-29T03:50:27Z">
          <reporter-output>
          </reporter-output>
        </test-method> <!-- testClientReset -->
        <test-method status="PASS" signature="closeBrowser()[pri:0, instance:com.obsqura.testscripts.ClientPageTest@7e07db1f]" name="closeBrowser" is-config="true" duration-ms="189" started-at="2022-11-29T03:50:27Z" finished-at="2022-11-29T03:50:27Z">
          <reporter-output>
          </reporter-output>
        </test-method> <!-- closeBrowser -->
        <test-method status="PASS" signature="openBrowser(java.lang.String)[pri:0, instance:com.obsqura.testscripts.ClientPageTest@7e07db1f]" name="openBrowser" is-config="true" duration-ms="5894" started-at="2022-11-29T03:50:27Z" finished-at="2022-11-29T03:50:33Z">
          <params>
            <param index="0">
              <value>
                <![CDATA[chrome]]>
              </value>
            </param>
          </params>
          <reporter-output>
          </reporter-output>
        </test-method> <!-- openBrowser -->
        <test-method status="PASS" signature="testClientResetId()[pri:0, instance:com.obsqura.testscripts.ClientPageTest@7e07db1f]" name="testClientResetId" duration-ms="8833" started-at="2022-11-29T03:50:33Z" finished-at="2022-11-29T03:50:42Z">
          <reporter-output>
          </reporter-output>
        </test-method> <!-- testClientResetId -->
        <test-method status="PASS" signature="closeBrowser()[pri:0, instance:com.obsqura.testscripts.ClientPageTest@7e07db1f]" name="closeBrowser" is-config="true" duration-ms="215" started-at="2022-11-29T03:50:42Z" finished-at="2022-11-29T03:50:42Z">
          <reporter-output>
          </reporter-output>
        </test-method> <!-- closeBrowser -->
        <test-method status="PASS" signature="openBrowser(java.lang.String)[pri:0, instance:com.obsqura.testscripts.ClientPageTest@7e07db1f]" name="openBrowser" is-config="true" duration-ms="16863" started-at="2022-11-29T03:50:42Z" finished-at="2022-11-29T03:50:59Z">
          <params>
            <param index="0">
              <value>
                <![CDATA[chrome]]>
              </value>
            </param>
          </params>
          <reporter-output>
          </reporter-output>
        </test-method> <!-- openBrowser -->
        <test-method status="PASS" signature="testClientSearchById()[pri:0, instance:com.obsqura.testscripts.ClientPageTest@7e07db1f]" name="testClientSearchById" duration-ms="16848" started-at="2022-11-29T03:50:59Z" finished-at="2022-11-29T03:51:16Z">
          <reporter-output>
          </reporter-output>
        </test-method> <!-- testClientSearchById -->
        <test-method status="PASS" signature="closeBrowser()[pri:0, instance:com.obsqura.testscripts.ClientPageTest@7e07db1f]" name="closeBrowser" is-config="true" duration-ms="192" started-at="2022-11-29T03:51:16Z" finished-at="2022-11-29T03:51:16Z">
          <reporter-output>
          </reporter-output>
        </test-method> <!-- closeBrowser -->
        <test-method status="PASS" signature="openBrowser(java.lang.String)[pri:0, instance:com.obsqura.testscripts.ClientPageTest@7e07db1f]" name="openBrowser" is-config="true" duration-ms="5780" started-at="2022-11-29T03:51:16Z" finished-at="2022-11-29T03:51:22Z">
          <params>
            <param index="0">
              <value>
                <![CDATA[chrome]]>
              </value>
            </param>
          </params>
          <reporter-output>
          </reporter-output>
        </test-method> <!-- openBrowser -->
        <test-method status="PASS" signature="testClientSerach()[pri:0, instance:com.obsqura.testscripts.ClientPageTest@7e07db1f]" name="testClientSerach" duration-ms="13966" started-at="2022-11-29T03:51:22Z" finished-at="2022-11-29T03:51:36Z">
          <reporter-output>
          </reporter-output>
        </test-method> <!-- testClientSerach -->
        <test-method status="PASS" signature="closeBrowser()[pri:0, instance:com.obsqura.testscripts.ClientPageTest@7e07db1f]" name="closeBrowser" is-config="true" duration-ms="281" started-at="2022-11-29T03:51:36Z" finished-at="2022-11-29T03:51:36Z">
          <reporter-output>
          </reporter-output>
        </test-method> <!-- closeBrowser -->
        <test-method status="PASS" signature="openBrowser(java.lang.String)[pri:0, instance:com.obsqura.testscripts.ClientPageTest@7e07db1f]" name="openBrowser" is-config="true" duration-ms="7508" started-at="2022-11-29T03:51:36Z" finished-at="2022-11-29T03:51:44Z">
          <params>
            <param index="0">
              <value>
                <![CDATA[chrome]]>
              </value>
            </param>
          </params>
          <reporter-output>
          </reporter-output>
        </test-method> <!-- openBrowser -->
        <test-method status="PASS" signature="testInvalidClient()[pri:0, instance:com.obsqura.testscripts.ClientPageTest@7e07db1f]" name="testInvalidClient" duration-ms="15955" started-at="2022-11-29T03:51:44Z" finished-at="2022-11-29T03:52:00Z">
          <reporter-output>
          </reporter-output>
        </test-method> <!-- testInvalidClient -->
        <test-method status="PASS" signature="closeBrowser()[pri:0, instance:com.obsqura.testscripts.ClientPageTest@7e07db1f]" name="closeBrowser" is-config="true" duration-ms="118" started-at="2022-11-29T03:52:00Z" finished-at="2022-11-29T03:52:00Z">
          <reporter-output>
          </reporter-output>
        </test-method> <!-- closeBrowser -->
        <test-method status="PASS" signature="openBrowser(java.lang.String)[pri:0, instance:com.obsqura.testscripts.ClientPageTest@7e07db1f]" name="openBrowser" is-config="true" duration-ms="6401" started-at="2022-11-29T03:52:00Z" finished-at="2022-11-29T03:52:06Z">
          <params>
            <param index="0">
              <value>
                <![CDATA[chrome]]>
              </value>
            </param>
          </params>
          <reporter-output>
          </reporter-output>
        </test-method> <!-- openBrowser -->
        <test-method status="PASS" signature="testLoginDisplay()[pri:0, instance:com.obsqura.testscripts.ClientPageTest@7e07db1f]" name="testLoginDisplay" duration-ms="5789" started-at="2022-11-29T03:52:06Z" finished-at="2022-11-29T03:52:12Z">
          <reporter-output>
          </reporter-output>
        </test-method> <!-- testLoginDisplay -->
        <test-method status="PASS" signature="closeBrowser()[pri:0, instance:com.obsqura.testscripts.ClientPageTest@7e07db1f]" name="closeBrowser" is-config="true" duration-ms="196" started-at="2022-11-29T03:52:12Z" finished-at="2022-11-29T03:52:12Z">
          <reporter-output>
          </reporter-output>
        </test-method> <!-- closeBrowser -->
        <test-method status="PASS" signature="openBrowser(java.lang.String)[pri:0, instance:com.obsqura.testscripts.ClientPageTest@7e07db1f]" name="openBrowser" is-config="true" duration-ms="5963" started-at="2022-11-29T03:52:12Z" finished-at="2022-11-29T03:52:18Z">
          <params>
            <param index="0">
              <value>
                <![CDATA[chrome]]>
              </value>
            </param>
          </params>
          <reporter-output>
          </reporter-output>
        </test-method> <!-- openBrowser -->
        <test-method status="PASS" signature="testLoginLogo()[pri:0, instance:com.obsqura.testscripts.ClientPageTest@7e07db1f]" name="testLoginLogo" duration-ms="5590" started-at="2022-11-29T03:52:18Z" finished-at="2022-11-29T03:52:24Z">
          <reporter-output>
          </reporter-output>
        </test-method> <!-- testLoginLogo -->
        <test-method status="PASS" signature="closeBrowser()[pri:0, instance:com.obsqura.testscripts.ClientPageTest@7e07db1f]" name="closeBrowser" is-config="true" duration-ms="215" started-at="2022-11-29T03:52:24Z" finished-at="2022-11-29T03:52:24Z">
          <reporter-output>
          </reporter-output>
        </test-method> <!-- closeBrowser -->
      </class> <!-- com.obsqura.testscripts.ClientPageTest -->
    </test> <!-- Test1 -->
  </suite> <!-- Suite -->
</testng-results>
