<?xml version="1.0" encoding="UTF-8"?>
<!-- Generated by org.testng.reporters.JUnitXMLReporter -->
<testsuite hostname="Leps" ignored="0" name="Default test" tests="3" failures="0" timestamp="2022-10-13T06:35:27 IST" time="0.065" errors="0">
  <testcase name="sampleMethodOne" time="0.0" classname="TestScripts.TestNgSample2"/>
  <testcase name="sampleMethodThree" time="0.016" classname="TestScripts.TestNgSample2"/>
  <testcase name="sampleMethodTwo" time="0.0" classname="TestScripts.TestNgSample2"/>
</testsuite> <!-- Default test -->
