<?xml version="1.0" encoding="UTF-8"?>
<!-- Generated by org.testng.reporters.JUnitXMLReporter -->
<testsuite hostname="Leps" ignored="0" name="homepagecrossbrowser" tests="5" failures="2" timestamp="13 Nov 2022 06:20:54 GMT" time="16.873" errors="0">
  <testcase name="testCheckTitle" time="0.027" classname="com.obsqura.testscripts.HomePageTest"/>
  <testcase name="testCheckBox" time="2.324" classname="com.obsqura.testscripts.HomePageTest">
    <failure type="java.lang.NullPointerException">
      <![CDATA[java.lang.NullPointerException
at com.obsqura.pages.Login.isCheckBoxSelected(Login.java:44)
at com.obsqura.testscripts.HomePageTest.testCheckBox(HomePageTest.java:92)
... Removed 25 stack frames]]>
    </failure>
  </testcase> <!-- testCheckBox -->
  <testcase name="testLogin" time="1.428" classname="com.obsqura.testscripts.HomePageTest"/>
  <testcase name="testLogout" time="1.053" classname="com.obsqura.testscripts.HomePageTest"/>
  <testcase name="testResetPassword" time="0.02" classname="com.obsqura.testscripts.HomePageTest">
    <failure type="java.lang.AssertionError" message="url not correct expected [https://www.qabible.in/payrollapp/site/request-password-reset] but found [https://www.qabible.in/payrollapp/site/login]">
      <![CDATA[java.lang.AssertionError: url not correct expected [https://www.qabible.in/payrollapp/site/request-password-reset] but found [https://www.qabible.in/payrollapp/site/login]
at com.obsqura.testscripts.HomePageTest.testResetPassword(HomePageTest.java:137)
... Removed 30 stack frames]]>
    </failure>
  </testcase> <!-- testResetPassword -->
</testsuite> <!-- homepagecrossbrowser -->
