<?xml version="1.0" encoding="UTF-8"?>
<!-- Generated by org.testng.reporters.JUnitXMLReporter -->
<testsuite hostname="Leps" ignored="0" name="SmokeTest" tests="4" failures="0" timestamp="2022-10-12T20:43:24 IST" time="0.022" errors="0">
  <testcase name="sampleMethodFour" time="0.001" classname="TestScripts.TestNgSampleTest"/>
  <testcase name="sampleMethodOne" time="0.002" classname="TestScripts.TestNgSampleTest"/>
  <testcase name="sampleMethodThree" time="0.001" classname="TestScripts.TestNgSampleTest"/>
  <testcase name="sampleMethodTwo" time="0.002" classname="TestScripts.TestNgSampleTest"/>
</testsuite> <!-- SmokeTest -->
